Current instruction: beq	$1, $2, 0x200   
	Program Counter
PC: 0x00400000
	Sign Extend
Input: 0x7f
Result: 0x7f
	Control Unit
Input opcode: 0x4
regDst: 0x0
jump: 0x0
branch: 0x1
memRead: 0x0
memToReg: 0x0
aluOp0: 0x1
aluOp1: 0x0
memWrite: 0x0
aluSrc: 0x0
regWrite: 0x0
	Register File
readRegister1: 0x1
readData1: 0x305f7ea1
readRegister2: 0x2
readData2: 0x2ec4f219
regWrite: 0x0
	ALUControl Values
ALUOp: 0x1
Opcode: 0x3f
	MUX 5
Input 1: 0x2ec4f219
Input 2: 0x2ec4f219
Control Value: 0x0
Result: 0x2ec4f219
	ALU 3
Data 1: 0x305f7ea1
Data 2: 0x2ec4f219
Result: 0x 19a8c88
Zero: 0x0
	Data Memory
Input address: 0x19a8c88
	MUX 1
Input 1: 0x2
Input 2: 0x2
Control Value: 0x0
Result: 0x2
	MUX 4
Input 1: 0x19a8c88
Input 2: 0x19a8c88
Control Value: 0x0
Result: 0x19a8c88
	Register File
writeRegister: 0x2
writeData: 0x019a8c88
regWrite: 0x0
	ALU 1
Data 1: 0x  400000
Data 2: 0x       4
Result: 0x  400004
Zero: 0x0
	Sign Extend
Input: 0x2228351
Result: 0x8913404
	Sign Extend
Input: 0x127
Result: 0x508
	ALU 2
Data 1: 0x  400004
Data 2: 0x     1fc
Result: 0x  400200
Zero: 0x0
	MUX 2
Input 1: 0x400004
Input 2: 0x400004
Control Value: 0x0
Result: 0x400004
	MUX 3
Input 1: 0x400004
Input 2: 0x400004
Control Value: 0x0
Result: 0x400004
	Register File Content
0:58eed051
1:305f7ea1
2:2ec4f219
3:c57b54ba
4:e65e1e87
5:1df23a4f
6:b90037d6
7:63322818
8:10916273
9:9de6153f
10:81fb7b82
11:10000014
12:9cb2a11c
13:0ddc6522
14:604ca9a9
15:488a6409
16:aaa29086
17:95ddcf94
18:61d998ef
19:8e9a6c56
20:5a3e780f
21:daa25db0
22:0a031e83
23:750773f2
24:67745ce5
25:9b0eae9d
26:1ea9d4cc
27:854a7c53
28:70e0b33a
29:1b128e28
30:ea150cc4
31:81e72593
	Data Memory Content
10000000:58eed051
10000004:305f7ea1
10000008:2ec4f219
1000000c:c57b54ba
10000010:e65e1e87
10000014:1df23a4f
10000018:b90037d6
1000001c:63322818
10000020:10916273
10000024:9de6153f
10000028:81fb7b82
1000002c:ce7d0a9b
10000030:9cb2a11c
10000034:ddc6522
10000038:604ca9a9
1000003c:488a6409
10000040:aaa29086
10000044:95ddcf94
10000048:61d998ef
1000004c:8e9a6c56
10000050:5a3e780f
10000054:daa25db0
10000058:a031e83
1000005c:750773f2
10000060:67745ce5
10000064:9b0eae9d
10000068:1ea9d4cc
1000006c:854a7c53
10000070:70e0b33a
10000074:1b128e28
10000078:ea150cc4
1000007c:81e72593
10000080:d305fd08
10000084:597018dd
10000088:4b3941b
1000008c:4a1e4993
10000090:2649882f
10000094:92401be7
10000098:6b6ecaad
1000009c:f5a7dbf6
100000a0:3e0ca2d8
100000a4:dc032bc8
100000a8:2fb8d984
100000ac:6a68f5c5
100000b0:cb213736
100000b4:47fd7a32
100000b8:a5d830f9
100000bc:3de2ca2
100000c0:6b4785df
100000c4:b29f9496
100000c8:8c57c177
100000cc:6612ede8
100000d0:a35e1c63
100000d4:290c4a5c
100000d8:32ab8bea
100000dc:31b3c160
100000e0:d9ffa43c
100000e4:8fb8ceb8
100000e8:6335d4bf
100000ec:3e6df8cb
100000f0:64e6febb
100000f4:f487bf2d
100000f8:58a56c44
100000fc:487253a2
10000100:2b7de96d
10000104:f8653f5f
10000108:34a3ff32
1000010c:bf3d73d2
10000110:3f5c76df
10000114:5b6ae9ff
10000118:d62254ec
1000011c:7664d021
10000120:ad88fdaa
10000124:67ac0d30
10000128:553043f9
1000012c:9e84c09b
10000130:e77516fe
10000134:a9ec872a
10000138:4aab5412
1000013c:d4c22f7c
10000140:13d291c
10000144:7370f500
10000148:472c7b67
1000014c:482092e8
10000150:8f223ba2
10000154:8b2601ed
10000158:407ebaa
1000015c:1355de5f
10000160:dcaca1d9
10000164:6ea61b8a
10000168:ff5e24d9
1000016c:88b69792
10000170:b7d4b60
10000174:afc2b711
10000178:1143e933
1000017c:aacc00c9
10000180:8c95e985
10000184:1bbb31d
10000188:d318c95a
1000018c:c3d19c71
	Instruction Memory Content
0x1022007f
0x1022077e
0x00881820
0x20220064
0x00691022
0x004a082a
0x0043082a
0x8c4102bc
0xac9101f4
#######################################################
Current instruction: beq	$1, $2, 0x1e00
	Program Counter
PC: 0x00400004
	Sign Extend
Input: 0x77e
Result: 0x77e
	Control Unit
Input opcode: 0x4
regDst: 0x0
jump: 0x0
branch: 0x1
memRead: 0x0
memToReg: 0x0
aluOp0: 0x1
aluOp1: 0x0
memWrite: 0x0
aluSrc: 0x0
regWrite: 0x0
	Register File
readRegister1: 0x1
readData1: 0x305f7ea1
readRegister2: 0x2
readData2: 0x2ec4f219
regWrite: 0x0
	ALUControl Values
ALUOp: 0x1
Opcode: 0x3e
	MUX 5
Input 1: 0x2ec4f219
Input 2: 0x2ec4f219
Control Value: 0x0
Result: 0x2ec4f219
	ALU 3
Data 1: 0x305f7ea1
Data 2: 0x2ec4f219
Result: 0x 19a8c88
Zero: 0x0
	Data Memory
Input address: 0x19a8c88
	MUX 1
Input 1: 0x2
Input 2: 0x2
Control Value: 0x0
Result: 0x2
	MUX 4
Input 1: 0x19a8c88
Input 2: 0x19a8c88
Control Value: 0x0
Result: 0x19a8c88
	Register File
writeRegister: 0x2
writeData: 0x019a8c88
regWrite: 0x0
	ALU 1
Data 1: 0x  400004
Data 2: 0x       4
Result: 0x  400008
Zero: 0x0
	Sign Extend
Input: 0x2230142
Result: 0x8920568
	Sign Extend
Input: 0x1918
Result: 0x7672
	ALU 2
Data 1: 0x  400008
Data 2: 0x    1df8
Result: 0x  401e00
Zero: 0x0
	MUX 2
Input 1: 0x400008
Input 2: 0x400008
Control Value: 0x0
Result: 0x400008
	MUX 3
Input 1: 0x400008
Input 2: 0x400008
Control Value: 0x0
Result: 0x400008
	Register File Content
0:58eed051
1:305f7ea1
2:2ec4f219
3:c57b54ba
4:e65e1e87
5:1df23a4f
6:b90037d6
7:63322818
8:10916273
9:9de6153f
10:81fb7b82
11:10000014
12:9cb2a11c
13:0ddc6522
14:604ca9a9
15:488a6409
16:aaa29086
17:95ddcf94
18:61d998ef
19:8e9a6c56
20:5a3e780f
21:daa25db0
22:0a031e83
23:750773f2
24:67745ce5
25:9b0eae9d
26:1ea9d4cc
27:854a7c53
28:70e0b33a
29:1b128e28
30:ea150cc4
31:81e72593
	Data Memory Content
10000000:58eed051
10000004:305f7ea1
10000008:2ec4f219
1000000c:c57b54ba
10000010:e65e1e87
10000014:1df23a4f
10000018:b90037d6
1000001c:63322818
10000020:10916273
10000024:9de6153f
10000028:81fb7b82
1000002c:ce7d0a9b
10000030:9cb2a11c
10000034:ddc6522
10000038:604ca9a9
1000003c:488a6409
10000040:aaa29086
10000044:95ddcf94
10000048:61d998ef
1000004c:8e9a6c56
10000050:5a3e780f
10000054:daa25db0
10000058:a031e83
1000005c:750773f2
10000060:67745ce5
10000064:9b0eae9d
10000068:1ea9d4cc
1000006c:854a7c53
10000070:70e0b33a
10000074:1b128e28
10000078:ea150cc4
1000007c:81e72593
10000080:d305fd08
10000084:597018dd
10000088:4b3941b
1000008c:4a1e4993
10000090:2649882f
10000094:92401be7
10000098:6b6ecaad
1000009c:f5a7dbf6
100000a0:3e0ca2d8
100000a4:dc032bc8
100000a8:2fb8d984
100000ac:6a68f5c5
100000b0:cb213736
100000b4:47fd7a32
100000b8:a5d830f9
100000bc:3de2ca2
100000c0:6b4785df
100000c4:b29f9496
100000c8:8c57c177
100000cc:6612ede8
100000d0:a35e1c63
100000d4:290c4a5c
100000d8:32ab8bea
100000dc:31b3c160
100000e0:d9ffa43c
100000e4:8fb8ceb8
100000e8:6335d4bf
100000ec:3e6df8cb
100000f0:64e6febb
100000f4:f487bf2d
100000f8:58a56c44
100000fc:487253a2
10000100:2b7de96d
10000104:f8653f5f
10000108:34a3ff32
1000010c:bf3d73d2
10000110:3f5c76df
10000114:5b6ae9ff
10000118:d62254ec
1000011c:7664d021
10000120:ad88fdaa
10000124:67ac0d30
10000128:553043f9
1000012c:9e84c09b
10000130:e77516fe
10000134:a9ec872a
10000138:4aab5412
1000013c:d4c22f7c
10000140:13d291c
10000144:7370f500
10000148:472c7b67
1000014c:482092e8
10000150:8f223ba2
10000154:8b2601ed
10000158:407ebaa
1000015c:1355de5f
10000160:dcaca1d9
10000164:6ea61b8a
10000168:ff5e24d9
1000016c:88b69792
10000170:b7d4b60
10000174:afc2b711
10000178:1143e933
1000017c:aacc00c9
10000180:8c95e985
10000184:1bbb31d
10000188:d318c95a
1000018c:c3d19c71
	Instruction Memory Content
0x1022007f
0x1022077e
0x00881820
0x20220064
0x00691022
0x004a082a
0x0043082a
0x8c4102bc
0xac9101f4
#######################################################
Current instruction: add	$3, $4, $8   
	Program Counter
PC: 0x00400008
	Sign Extend
Input: 0x1820
Result: 0x1820
	Control Unit
Input opcode: 0x0
regDst: 0x1
jump: 0x0
branch: 0x0
memRead: 0x0
memToReg: 0x0
aluOp0: 0x0
aluOp1: 0x1
memWrite: 0x0
aluSrc: 0x0
regWrite: 0x1
	Register File
readRegister1: 0x4
readData1: 0xe65e1e87
readRegister2: 0x8
readData2: 0x10916273
regWrite: 0x1
	ALUControl Values
ALUOp: 0xa
Opcode: 0x20
	MUX 5
Input 1: 0x10916273
Input 2: 0x10916273
Control Value: 0x0
Result: 0x10916273
	ALU 3
Data 1: 0xe65e1e87
Data 2: 0x10916273
Result: 0xfffffffff6ef80fa
Zero: 0x0
	Data Memory
Input address: 0xfffffffff6ef80fa
	MUX 1
Input 1: 0x8
Input 2: 0x8
Control Value: 0x1
Result: 0x3
	MUX 4
Input 1: 0xfffffffff6ef80fa
Input 2: 0xfffffffff6ef80fa
Control Value: 0x0
Result: 0xfffffffff6ef80fa
	Register File
writeRegister: 0x3
writeData: 0xfffffffff6ef80fa
regWrite: 0x1
	ALU 1
Data 1: 0x  400008
Data 2: 0x       4
Result: 0x  40000c
Zero: 0x0
	Sign Extend
Input: 0x8919072
Result: 0x35676288
	Sign Extend
Input: 0x6176
Result: 0x24704
	ALU 2
Data 1: 0x  40000c
Data 2: 0x    6080
Result: 0x  40608c
Zero: 0x0
	MUX 2
Input 1: 0x40000c
Input 2: 0x40000c
Control Value: 0x0
Result: 0x40000c
	MUX 3
Input 1: 0x40000c
Input 2: 0x40000c
Control Value: 0x0
Result: 0x40000c
	Register File Content
0:58eed051
1:305f7ea1
2:2ec4f219
3:fffffffff6ef80fa
4:e65e1e87
5:1df23a4f
6:b90037d6
7:63322818
8:10916273
9:9de6153f
10:81fb7b82
11:10000014
12:9cb2a11c
13:0ddc6522
14:604ca9a9
15:488a6409
16:aaa29086
17:95ddcf94
18:61d998ef
19:8e9a6c56
20:5a3e780f
21:daa25db0
22:0a031e83
23:750773f2
24:67745ce5
25:9b0eae9d
26:1ea9d4cc
27:854a7c53
28:70e0b33a
29:1b128e28
30:ea150cc4
31:81e72593
	Data Memory Content
10000000:58eed051
10000004:305f7ea1
10000008:2ec4f219
1000000c:c57b54ba
10000010:e65e1e87
10000014:1df23a4f
10000018:b90037d6
1000001c:63322818
10000020:10916273
10000024:9de6153f
10000028:81fb7b82
1000002c:ce7d0a9b
10000030:9cb2a11c
10000034:ddc6522
10000038:604ca9a9
1000003c:488a6409
10000040:aaa29086
10000044:95ddcf94
10000048:61d998ef
1000004c:8e9a6c56
10000050:5a3e780f
10000054:daa25db0
10000058:a031e83
1000005c:750773f2
10000060:67745ce5
10000064:9b0eae9d
10000068:1ea9d4cc
1000006c:854a7c53
10000070:70e0b33a
10000074:1b128e28
10000078:ea150cc4
1000007c:81e72593
10000080:d305fd08
10000084:597018dd
10000088:4b3941b
1000008c:4a1e4993
10000090:2649882f
10000094:92401be7
10000098:6b6ecaad
1000009c:f5a7dbf6
100000a0:3e0ca2d8
100000a4:dc032bc8
100000a8:2fb8d984
100000ac:6a68f5c5
100000b0:cb213736
100000b4:47fd7a32
100000b8:a5d830f9
100000bc:3de2ca2
100000c0:6b4785df
100000c4:b29f9496
100000c8:8c57c177
100000cc:6612ede8
100000d0:a35e1c63
100000d4:290c4a5c
100000d8:32ab8bea
100000dc:31b3c160
100000e0:d9ffa43c
100000e4:8fb8ceb8
100000e8:6335d4bf
100000ec:3e6df8cb
100000f0:64e6febb
100000f4:f487bf2d
100000f8:58a56c44
100000fc:487253a2
10000100:2b7de96d
10000104:f8653f5f
10000108:34a3ff32
1000010c:bf3d73d2
10000110:3f5c76df
10000114:5b6ae9ff
10000118:d62254ec
1000011c:7664d021
10000120:ad88fdaa
10000124:67ac0d30
10000128:553043f9
1000012c:9e84c09b
10000130:e77516fe
10000134:a9ec872a
10000138:4aab5412
1000013c:d4c22f7c
10000140:13d291c
10000144:7370f500
10000148:472c7b67
1000014c:482092e8
10000150:8f223ba2
10000154:8b2601ed
10000158:407ebaa
1000015c:1355de5f
10000160:dcaca1d9
10000164:6ea61b8a
10000168:ff5e24d9
1000016c:88b69792
10000170:b7d4b60
10000174:afc2b711
10000178:1143e933
1000017c:aacc00c9
10000180:8c95e985
10000184:1bbb31d
10000188:d318c95a
1000018c:c3d19c71
	Instruction Memory Content
0x1022007f
0x1022077e
0x00881820
0x20220064
0x00691022
0x004a082a
0x0043082a
0x8c4102bc
0xac9101f4
#######################################################
Current instruction: addi	$2, $1, 0x64
	Program Counter
PC: 0x0040000c
	Sign Extend
Input: 0x64
Result: 0x64
	Control Unit
Input opcode: 0x8
regDst: 0x0
jump: 0x0
branch: 0x0
memRead: 0x0
memToReg: 0x0
aluOp0: 0x0
aluOp1: 0x0
memWrite: 0x0
aluSrc: 0x1
regWrite: 0x1
	Register File
readRegister1: 0x1
readData1: 0x305f7ea1
readRegister2: 0x2
readData2: 0x2ec4f219
regWrite: 0x1
	ALUControl Values
ALUOp: 0x0
Opcode: 0x24
	MUX 5
Input 1: 0x2ec4f219
Input 2: 0x2ec4f219
Control Value: 0x1
Result: 0x64
	ALU 3
Data 1: 0x305f7ea1
Data 2: 0x      64
Result: 0x305f7f05
Zero: 0x0
	Data Memory
Input address: 0x305f7f05
	MUX 1
Input 1: 0x2
Input 2: 0x2
Control Value: 0x0
Result: 0x2
	MUX 4
Input 1: 0x305f7f05
Input 2: 0x305f7f05
Control Value: 0x0
Result: 0x305f7f05
	Register File
writeRegister: 0x2
writeData: 0x305f7f05
regWrite: 0x1
	ALU 1
Data 1: 0x  40000c
Data 2: 0x       4
Result: 0x  400010
Zero: 0x0
	Sign Extend
Input: 0x2228324
Result: 0x8913296
	Sign Extend
Input: 0x100
Result: 0x400
	ALU 2
Data 1: 0x  400010
Data 2: 0x     190
Result: 0x  4001a0
Zero: 0x0
	MUX 2
Input 1: 0x400010
Input 2: 0x400010
Control Value: 0x0
Result: 0x400010
	MUX 3
Input 1: 0x400010
Input 2: 0x400010
Control Value: 0x0
Result: 0x400010
	Register File Content
0:58eed051
1:305f7ea1
2:305f7f05
3:fffffffff6ef80fa
4:e65e1e87
5:1df23a4f
6:b90037d6
7:63322818
8:10916273
9:9de6153f
10:81fb7b82
11:10000014
12:9cb2a11c
13:0ddc6522
14:604ca9a9
15:488a6409
16:aaa29086
17:95ddcf94
18:61d998ef
19:8e9a6c56
20:5a3e780f
21:daa25db0
22:0a031e83
23:750773f2
24:67745ce5
25:9b0eae9d
26:1ea9d4cc
27:854a7c53
28:70e0b33a
29:1b128e28
30:ea150cc4
31:81e72593
	Data Memory Content
10000000:58eed051
10000004:305f7ea1
10000008:2ec4f219
1000000c:c57b54ba
10000010:e65e1e87
10000014:1df23a4f
10000018:b90037d6
1000001c:63322818
10000020:10916273
10000024:9de6153f
10000028:81fb7b82
1000002c:ce7d0a9b
10000030:9cb2a11c
10000034:ddc6522
10000038:604ca9a9
1000003c:488a6409
10000040:aaa29086
10000044:95ddcf94
10000048:61d998ef
1000004c:8e9a6c56
10000050:5a3e780f
10000054:daa25db0
10000058:a031e83
1000005c:750773f2
10000060:67745ce5
10000064:9b0eae9d
10000068:1ea9d4cc
1000006c:854a7c53
10000070:70e0b33a
10000074:1b128e28
10000078:ea150cc4
1000007c:81e72593
10000080:d305fd08
10000084:597018dd
10000088:4b3941b
1000008c:4a1e4993
10000090:2649882f
10000094:92401be7
10000098:6b6ecaad
1000009c:f5a7dbf6
100000a0:3e0ca2d8
100000a4:dc032bc8
100000a8:2fb8d984
100000ac:6a68f5c5
100000b0:cb213736
100000b4:47fd7a32
100000b8:a5d830f9
100000bc:3de2ca2
100000c0:6b4785df
100000c4:b29f9496
100000c8:8c57c177
100000cc:6612ede8
100000d0:a35e1c63
100000d4:290c4a5c
100000d8:32ab8bea
100000dc:31b3c160
100000e0:d9ffa43c
100000e4:8fb8ceb8
100000e8:6335d4bf
100000ec:3e6df8cb
100000f0:64e6febb
100000f4:f487bf2d
100000f8:58a56c44
100000fc:487253a2
10000100:2b7de96d
10000104:f8653f5f
10000108:34a3ff32
1000010c:bf3d73d2
10000110:3f5c76df
10000114:5b6ae9ff
10000118:d62254ec
1000011c:7664d021
10000120:ad88fdaa
10000124:67ac0d30
10000128:553043f9
1000012c:9e84c09b
10000130:e77516fe
10000134:a9ec872a
10000138:4aab5412
1000013c:d4c22f7c
10000140:13d291c
10000144:7370f500
10000148:472c7b67
1000014c:482092e8
10000150:8f223ba2
10000154:8b2601ed
10000158:407ebaa
1000015c:1355de5f
10000160:dcaca1d9
10000164:6ea61b8a
10000168:ff5e24d9
1000016c:88b69792
10000170:b7d4b60
10000174:afc2b711
10000178:1143e933
1000017c:aacc00c9
10000180:8c95e985
10000184:1bbb31d
10000188:d318c95a
1000018c:c3d19c71
	Instruction Memory Content
0x1022007f
0x1022077e
0x00881820
0x20220064
0x00691022
0x004a082a
0x0043082a
0x8c4102bc
0xac9101f4
#######################################################
Current instruction: sub	$2, $3, $9
	Program Counter
PC: 0x00400010
	Sign Extend
Input: 0x1022
Result: 0x1022
	Control Unit
Input opcode: 0x0
regDst: 0x1
jump: 0x0
branch: 0x0
memRead: 0x0
memToReg: 0x0
aluOp0: 0x0
aluOp1: 0x1
memWrite: 0x0
aluSrc: 0x0
regWrite: 0x1
	Register File
readRegister1: 0x3
readData1: 0xfffffffff6ef80fa
readRegister2: 0x9
readData2: 0x9de6153f
regWrite: 0x1
	ALUControl Values
ALUOp: 0xa
Opcode: 0x22
	MUX 5
Input 1: 0x9de6153f
Input 2: 0x9de6153f
Control Value: 0x0
Result: 0x9de6153f
	ALU 3
Data 1: 0xfffffffff6ef80fa
Data 2: 0x9de6153f
Result: 0x59096bbb
Zero: 0x0
	Data Memory
Input address: 0x59096bbb
	MUX 1
Input 1: 0x9
Input 2: 0x9
Control Value: 0x1
Result: 0x2
	MUX 4
Input 1: 0x59096bbb
Input 2: 0x59096bbb
Control Value: 0x0
Result: 0x59096bbb
	Register File
writeRegister: 0x2
writeData: 0x59096bbb
regWrite: 0x1
	ALU 1
Data 1: 0x  400010
Data 2: 0x       4
Result: 0x  400014
Zero: 0x0
	Sign Extend
Input: 0x6885410
Result: 0x27541640
	Sign Extend
Input: 0x4130
Result: 0x16520
	ALU 2
Data 1: 0x  400014
Data 2: 0x    4088
Result: 0x  40409c
Zero: 0x0
	MUX 2
Input 1: 0x400014
Input 2: 0x400014
Control Value: 0x0
Result: 0x400014
	MUX 3
Input 1: 0x400014
Input 2: 0x400014
Control Value: 0x0
Result: 0x400014
	Register File Content
0:58eed051
1:305f7ea1
2:59096bbb
3:fffffffff6ef80fa
4:e65e1e87
5:1df23a4f
6:b90037d6
7:63322818
8:10916273
9:9de6153f
10:81fb7b82
11:10000014
12:9cb2a11c
13:0ddc6522
14:604ca9a9
15:488a6409
16:aaa29086
17:95ddcf94
18:61d998ef
19:8e9a6c56
20:5a3e780f
21:daa25db0
22:0a031e83
23:750773f2
24:67745ce5
25:9b0eae9d
26:1ea9d4cc
27:854a7c53
28:70e0b33a
29:1b128e28
30:ea150cc4
31:81e72593
	Data Memory Content
10000000:58eed051
10000004:305f7ea1
10000008:2ec4f219
1000000c:c57b54ba
10000010:e65e1e87
10000014:1df23a4f
10000018:b90037d6
1000001c:63322818
10000020:10916273
10000024:9de6153f
10000028:81fb7b82
1000002c:ce7d0a9b
10000030:9cb2a11c
10000034:ddc6522
10000038:604ca9a9
1000003c:488a6409
10000040:aaa29086
10000044:95ddcf94
10000048:61d998ef
1000004c:8e9a6c56
10000050:5a3e780f
10000054:daa25db0
10000058:a031e83
1000005c:750773f2
10000060:67745ce5
10000064:9b0eae9d
10000068:1ea9d4cc
1000006c:854a7c53
10000070:70e0b33a
10000074:1b128e28
10000078:ea150cc4
1000007c:81e72593
10000080:d305fd08
10000084:597018dd
10000088:4b3941b
1000008c:4a1e4993
10000090:2649882f
10000094:92401be7
10000098:6b6ecaad
1000009c:f5a7dbf6
100000a0:3e0ca2d8
100000a4:dc032bc8
100000a8:2fb8d984
100000ac:6a68f5c5
100000b0:cb213736
100000b4:47fd7a32
100000b8:a5d830f9
100000bc:3de2ca2
100000c0:6b4785df
100000c4:b29f9496
100000c8:8c57c177
100000cc:6612ede8
100000d0:a35e1c63
100000d4:290c4a5c
100000d8:32ab8bea
100000dc:31b3c160
100000e0:d9ffa43c
100000e4:8fb8ceb8
100000e8:6335d4bf
100000ec:3e6df8cb
100000f0:64e6febb
100000f4:f487bf2d
100000f8:58a56c44
100000fc:487253a2
10000100:2b7de96d
10000104:f8653f5f
10000108:34a3ff32
1000010c:bf3d73d2
10000110:3f5c76df
10000114:5b6ae9ff
10000118:d62254ec
1000011c:7664d021
10000120:ad88fdaa
10000124:67ac0d30
10000128:553043f9
1000012c:9e84c09b
10000130:e77516fe
10000134:a9ec872a
10000138:4aab5412
1000013c:d4c22f7c
10000140:13d291c
10000144:7370f500
10000148:472c7b67
1000014c:482092e8
10000150:8f223ba2
10000154:8b2601ed
10000158:407ebaa
1000015c:1355de5f
10000160:dcaca1d9
10000164:6ea61b8a
10000168:ff5e24d9
1000016c:88b69792
10000170:b7d4b60
10000174:afc2b711
10000178:1143e933
1000017c:aacc00c9
10000180:8c95e985
10000184:1bbb31d
10000188:d318c95a
1000018c:c3d19c71
	Instruction Memory Content
0x1022007f
0x1022077e
0x00881820
0x20220064
0x00691022
0x004a082a
0x0043082a
0x8c4102bc
0xac9101f4
#######################################################
Current instruction: slt	$1, $2, $10 
	Program Counter
PC: 0x00400014
	Sign Extend
Input: 0x82a
Result: 0x82a
	Control Unit
Input opcode: 0x0
regDst: 0x1
jump: 0x0
branch: 0x0
memRead: 0x0
memToReg: 0x0
aluOp0: 0x0
aluOp1: 0x1
memWrite: 0x0
aluSrc: 0x0
regWrite: 0x1
	Register File
readRegister1: 0x2
readData1: 0x59096bbb
readRegister2: 0xa
readData2: 0x81fb7b82
regWrite: 0x1
	ALUControl Values
ALUOp: 0xa
Opcode: 0x2a
	MUX 5
Input 1: 0x81fb7b82
Input 2: 0x81fb7b82
Control Value: 0x0
Result: 0x81fb7b82
	ALU 3
Data 1: 0x59096bbb
Data 2: 0x81fb7b82
Result: 0x       0
Zero: 0x1
	Data Memory
Input address: 0x0
	MUX 1
Input 1: 0xa
Input 2: 0xa
Control Value: 0x1
Result: 0x1
	MUX 4
Input 1: 0x0
Input 2: 0x0
Control Value: 0x0
Result: 0x0
	Register File
writeRegister: 0x1
writeData: 0x00000000
regWrite: 0x1
	ALU 1
Data 1: 0x  400014
Data 2: 0x       4
Result: 0x  400018
Zero: 0x0
	Sign Extend
Input: 0x4851754
Result: 0x19407016
	Sign Extend
Input: 0x2090
Result: 0x8360
	ALU 2
Data 1: 0x  400018
Data 2: 0x    20a8
Result: 0x  4020c0
Zero: 0x0
	MUX 2
Input 1: 0x400018
Input 2: 0x400018
Control Value: 0x0
Result: 0x400018
	MUX 3
Input 1: 0x400018
Input 2: 0x400018
Control Value: 0x0
Result: 0x400018
	Register File Content
0:58eed051
1:00000000
2:59096bbb
3:fffffffff6ef80fa
4:e65e1e87
5:1df23a4f
6:b90037d6
7:63322818
8:10916273
9:9de6153f
10:81fb7b82
11:10000014
12:9cb2a11c
13:0ddc6522
14:604ca9a9
15:488a6409
16:aaa29086
17:95ddcf94
18:61d998ef
19:8e9a6c56
20:5a3e780f
21:daa25db0
22:0a031e83
23:750773f2
24:67745ce5
25:9b0eae9d
26:1ea9d4cc
27:854a7c53
28:70e0b33a
29:1b128e28
30:ea150cc4
31:81e72593
	Data Memory Content
10000000:58eed051
10000004:305f7ea1
10000008:2ec4f219
1000000c:c57b54ba
10000010:e65e1e87
10000014:1df23a4f
10000018:b90037d6
1000001c:63322818
10000020:10916273
10000024:9de6153f
10000028:81fb7b82
1000002c:ce7d0a9b
10000030:9cb2a11c
10000034:ddc6522
10000038:604ca9a9
1000003c:488a6409
10000040:aaa29086
10000044:95ddcf94
10000048:61d998ef
1000004c:8e9a6c56
10000050:5a3e780f
10000054:daa25db0
10000058:a031e83
1000005c:750773f2
10000060:67745ce5
10000064:9b0eae9d
10000068:1ea9d4cc
1000006c:854a7c53
10000070:70e0b33a
10000074:1b128e28
10000078:ea150cc4
1000007c:81e72593
10000080:d305fd08
10000084:597018dd
10000088:4b3941b
1000008c:4a1e4993
10000090:2649882f
10000094:92401be7
10000098:6b6ecaad
1000009c:f5a7dbf6
100000a0:3e0ca2d8
100000a4:dc032bc8
100000a8:2fb8d984
100000ac:6a68f5c5
100000b0:cb213736
100000b4:47fd7a32
100000b8:a5d830f9
100000bc:3de2ca2
100000c0:6b4785df
100000c4:b29f9496
100000c8:8c57c177
100000cc:6612ede8
100000d0:a35e1c63
100000d4:290c4a5c
100000d8:32ab8bea
100000dc:31b3c160
100000e0:d9ffa43c
100000e4:8fb8ceb8
100000e8:6335d4bf
100000ec:3e6df8cb
100000f0:64e6febb
100000f4:f487bf2d
100000f8:58a56c44
100000fc:487253a2
10000100:2b7de96d
10000104:f8653f5f
10000108:34a3ff32
1000010c:bf3d73d2
10000110:3f5c76df
10000114:5b6ae9ff
10000118:d62254ec
1000011c:7664d021
10000120:ad88fdaa
10000124:67ac0d30
10000128:553043f9
1000012c:9e84c09b
10000130:e77516fe
10000134:a9ec872a
10000138:4aab5412
1000013c:d4c22f7c
10000140:13d291c
10000144:7370f500
10000148:472c7b67
1000014c:482092e8
10000150:8f223ba2
10000154:8b2601ed
10000158:407ebaa
1000015c:1355de5f
10000160:dcaca1d9
10000164:6ea61b8a
10000168:ff5e24d9
1000016c:88b69792
10000170:b7d4b60
10000174:afc2b711
10000178:1143e933
1000017c:aacc00c9
10000180:8c95e985
10000184:1bbb31d
10000188:d318c95a
1000018c:c3d19c71
	Instruction Memory Content
0x1022007f
0x1022077e
0x00881820
0x20220064
0x00691022
0x004a082a
0x0043082a
0x8c4102bc
0xac9101f4
#######################################################
Current instruction: slt	$1, $2, $3
	Program Counter
PC: 0x00400018
	Sign Extend
Input: 0x82a
Result: 0x82a
	Control Unit
Input opcode: 0x0
regDst: 0x1
jump: 0x0
branch: 0x0
memRead: 0x0
memToReg: 0x0
aluOp0: 0x0
aluOp1: 0x1
memWrite: 0x0
aluSrc: 0x0
regWrite: 0x1
	Register File
readRegister1: 0x2
readData1: 0x59096bbb
readRegister2: 0x3
readData2: 0xfffffffff6ef80fa
regWrite: 0x1
	ALUControl Values
ALUOp: 0xa
Opcode: 0x2a
	MUX 5
Input 1: 0xfffffffff6ef80fa
Input 2: 0xfffffffff6ef80fa
Control Value: 0x0
Result: 0xfffffffff6ef80fa
	ALU 3
Data 1: 0x59096bbb
Data 2: 0xfffffffff6ef80fa
Result: 0x       0
Zero: 0x1
	Data Memory
Input address: 0x0
	MUX 1
Input 1: 0x3
Input 2: 0x3
Control Value: 0x1
Result: 0x1
	MUX 4
Input 1: 0x0
Input 2: 0x0
Control Value: 0x0
Result: 0x0
	Register File
writeRegister: 0x1
writeData: 0x00000000
regWrite: 0x1
	ALU 1
Data 1: 0x  400018
Data 2: 0x       4
Result: 0x  40001c
Zero: 0x0
	Sign Extend
Input: 0x4393002
Result: 0x17572008
	Sign Extend
Input: 0x2090
Result: 0x8360
	ALU 2
Data 1: 0x  40001c
Data 2: 0x    20a8
Result: 0x  4020c4
Zero: 0x0
	MUX 2
Input 1: 0x40001c
Input 2: 0x40001c
Control Value: 0x0
Result: 0x40001c
	MUX 3
Input 1: 0x40001c
Input 2: 0x40001c
Control Value: 0x0
Result: 0x40001c
	Register File Content
0:58eed051
1:00000000
2:59096bbb
3:fffffffff6ef80fa
4:e65e1e87
5:1df23a4f
6:b90037d6
7:63322818
8:10916273
9:9de6153f
10:81fb7b82
11:10000014
12:9cb2a11c
13:0ddc6522
14:604ca9a9
15:488a6409
16:aaa29086
17:95ddcf94
18:61d998ef
19:8e9a6c56
20:5a3e780f
21:daa25db0
22:0a031e83
23:750773f2
24:67745ce5
25:9b0eae9d
26:1ea9d4cc
27:854a7c53
28:70e0b33a
29:1b128e28
30:ea150cc4
31:81e72593
	Data Memory Content
10000000:58eed051
10000004:305f7ea1
10000008:2ec4f219
1000000c:c57b54ba
10000010:e65e1e87
10000014:1df23a4f
10000018:b90037d6
1000001c:63322818
10000020:10916273
10000024:9de6153f
10000028:81fb7b82
1000002c:ce7d0a9b
10000030:9cb2a11c
10000034:ddc6522
10000038:604ca9a9
1000003c:488a6409
10000040:aaa29086
10000044:95ddcf94
10000048:61d998ef
1000004c:8e9a6c56
10000050:5a3e780f
10000054:daa25db0
10000058:a031e83
1000005c:750773f2
10000060:67745ce5
10000064:9b0eae9d
10000068:1ea9d4cc
1000006c:854a7c53
10000070:70e0b33a
10000074:1b128e28
10000078:ea150cc4
1000007c:81e72593
10000080:d305fd08
10000084:597018dd
10000088:4b3941b
1000008c:4a1e4993
10000090:2649882f
10000094:92401be7
10000098:6b6ecaad
1000009c:f5a7dbf6
100000a0:3e0ca2d8
100000a4:dc032bc8
100000a8:2fb8d984
100000ac:6a68f5c5
100000b0:cb213736
100000b4:47fd7a32
100000b8:a5d830f9
100000bc:3de2ca2
100000c0:6b4785df
100000c4:b29f9496
100000c8:8c57c177
100000cc:6612ede8
100000d0:a35e1c63
100000d4:290c4a5c
100000d8:32ab8bea
100000dc:31b3c160
100000e0:d9ffa43c
100000e4:8fb8ceb8
100000e8:6335d4bf
100000ec:3e6df8cb
100000f0:64e6febb
100000f4:f487bf2d
100000f8:58a56c44
100000fc:487253a2
10000100:2b7de96d
10000104:f8653f5f
10000108:34a3ff32
1000010c:bf3d73d2
10000110:3f5c76df
10000114:5b6ae9ff
10000118:d62254ec
1000011c:7664d021
10000120:ad88fdaa
10000124:67ac0d30
10000128:553043f9
1000012c:9e84c09b
10000130:e77516fe
10000134:a9ec872a
10000138:4aab5412
1000013c:d4c22f7c
10000140:13d291c
10000144:7370f500
10000148:472c7b67
1000014c:482092e8
10000150:8f223ba2
10000154:8b2601ed
10000158:407ebaa
1000015c:1355de5f
10000160:dcaca1d9
10000164:6ea61b8a
10000168:ff5e24d9
1000016c:88b69792
10000170:b7d4b60
10000174:afc2b711
10000178:1143e933
1000017c:aacc00c9
10000180:8c95e985
10000184:1bbb31d
10000188:d318c95a
1000018c:c3d19c71
	Instruction Memory Content
0x1022007f
0x1022077e
0x00881820
0x20220064
0x00691022
0x004a082a
0x0043082a
0x8c4102bc
0xac9101f4
#######################################################
Current instruction: lw	$1, 0X2bc($2)
	Program Counter
PC: 0x0040001c
	Sign Extend
Input: 0x2bc
Result: 0x2bc
	Control Unit
Input opcode: 0x23
regDst: 0x0
jump: 0x0
branch: 0x0
memRead: 0x1
memToReg: 0x1
aluOp0: 0x0
aluOp1: 0x0
memWrite: 0x0
aluSrc: 0x1
regWrite: 0x1
	Register File
readRegister1: 0x2
readData1: 0x59096bbb
readRegister2: 0x1
readData2: 0x00000000
regWrite: 0x1
	ALUControl Values
ALUOp: 0x0
Opcode: 0x3c
	MUX 5
Input 1: 0x0
Input 2: 0x0
Control Value: 0x1
Result: 0x2bc
	ALU 3
Data 1: 0x59096bbb
Data 2: 0x     2bc
Result: 0x59096e77
Zero: 0x0
